<?xml version="1.0" encoding="UTF-8"?>
<!-- Generated by org.testng.reporters.JUnitXMLReporter -->
<testsuite ignored="1" hostname="Arjun" failures="0" tests="1" name="Default test" time="18.073" errors="0" timestamp="2024-05-15T13:58:27 IST">
  <testcase classname="com.comcast.crm.assertiontest.ContactAssertionTest" name="createContactTest" time="11.927"/>
  <testcase classname="com.comcast.crm.assertiontest.ContactAssertionTest" name="CreateContactWithSupportDateTest" time="0.0">
    <ignored/>
  </testcase> <!-- CreateContactWithSupportDateTest -->
</testsuite> <!-- Default test -->
