<?xml version="1.0" encoding="UTF-8"?>
<!-- Generated by org.testng.reporters.JUnitXMLReporter -->
<testsuite ignored="5" hostname="Arjun" failures="0" tests="2" name="Test" time="42.415" errors="0" timestamp="2024-05-14T12:22:28 IST">
  <testcase classname="com.comcast.crm.orgmaintest.OrgMainTest" name="createOrgWithIndusTest" time="10.53"/>
  <testcase classname="com.comcast.createcontactmaintest.CreateContactMainTest" name="createContactTest" time="9.336"/>
  <testcase classname="com.comcast.crm.baseutility.BaseMainTest" name="@AfterSuite configAS" time="0.0">
    <ignored/>
  </testcase> <!-- @AfterSuite configAS -->
  <testcase classname="com.comcast.crm.orgmaintest.OrgMainTest" name="createOrgTest" time="0.0">
    <ignored/>
  </testcase> <!-- createOrgTest -->
  <testcase classname="com.comcast.crm.baseutility.BaseMainTest" name="@BeforeSuite configBS" time="0.0">
    <ignored/>
  </testcase> <!-- @BeforeSuite configBS -->
  <testcase classname="com.comcast.createcontactmaintest.CreateContactMainTest" name="CreateContactWithSupportDateTest" time="0.0">
    <ignored/>
  </testcase> <!-- CreateContactWithSupportDateTest -->
  <testcase classname="com.comcast.crm.orgmaintest.OrgMainTest" name="createOrgWithPhnNoTest" time="0.0">
    <ignored/>
  </testcase> <!-- createOrgWithPhnNoTest -->
</testsuite> <!-- Test -->
