<?xml version="1.0" encoding="UTF-8"?>
<testng-results ignored="1" total="2" passed="1" failed="0" skipped="0">
  <reporter-output>
  </reporter-output>
  <suite started-at="2024-05-15T13:58:09 IST" name="Default suite" finished-at="2024-05-15T13:58:27 IST" duration-ms="18073">
    <groups>
    </groups>
    <test started-at="2024-05-15T13:58:09 IST" name="Default test" finished-at="2024-05-15T13:58:27 IST" duration-ms="18073">
      <class name="com.comcast.crm.assertiontest.ContactAssertionTest">
        <test-method is-config="true" signature="configBS()[pri:0, instance:com.comcast.crm.assertiontest.ContactAssertionTest@27ff5d15]" started-at="2024-05-15T13:58:09 IST" name="configBS" finished-at="2024-05-15T13:58:09 IST" duration-ms="242" status="PASS">
          <reporter-output>
          </reporter-output>
        </test-method> <!-- configBS -->
        <test-method is-config="true" signature="configBC()[pri:0, instance:com.comcast.crm.assertiontest.ContactAssertionTest@27ff5d15]" started-at="2024-05-15T13:58:09 IST" name="configBC" finished-at="2024-05-15T13:58:11 IST" duration-ms="1447" status="PASS">
          <reporter-output>
          </reporter-output>
        </test-method> <!-- configBC -->
        <test-method is-config="true" signature="configBM()[pri:0, instance:com.comcast.crm.assertiontest.ContactAssertionTest@27ff5d15]" started-at="2024-05-15T13:58:11 IST" name="configBM" finished-at="2024-05-15T13:58:15 IST" duration-ms="4459" status="PASS">
          <reporter-output>
          </reporter-output>
        </test-method> <!-- configBM -->
        <test-method signature="createContactTest()[pri:0, instance:com.comcast.crm.assertiontest.ContactAssertionTest@27ff5d15]" started-at="2024-05-15T13:58:15 IST" name="createContactTest" finished-at="2024-05-15T13:58:27 IST" duration-ms="11927" status="PASS">
          <reporter-output>
          </reporter-output>
        </test-method> <!-- createContactTest -->
        <test-method is-config="true" signature="configAM()[pri:0, instance:com.comcast.crm.assertiontest.ContactAssertionTest@27ff5d15]" started-at="2024-05-15T13:58:27 IST" name="configAM" finished-at="2024-05-15T13:58:27 IST" duration-ms="4" status="PASS">
          <reporter-output>
          </reporter-output>
        </test-method> <!-- configAM -->
        <test-method is-config="true" signature="configAC()[pri:0, instance:com.comcast.crm.assertiontest.ContactAssertionTest@27ff5d15]" started-at="2024-05-15T13:58:27 IST" name="configAC" finished-at="2024-05-15T13:58:27 IST" duration-ms="208" status="PASS">
          <reporter-output>
          </reporter-output>
        </test-method> <!-- configAC -->
        <test-method is-config="true" signature="configAS()[pri:0, instance:com.comcast.crm.assertiontest.ContactAssertionTest@27ff5d15]" started-at="2024-05-15T13:58:27 IST" name="configAS" finished-at="2024-05-15T13:58:27 IST" duration-ms="9" status="PASS">
          <reporter-output>
          </reporter-output>
        </test-method> <!-- configAS -->
      </class> <!-- com.comcast.crm.assertiontest.ContactAssertionTest -->
    </test> <!-- Default test -->
  </suite> <!-- Default suite -->
</testng-results>
